
ROM used:   991/8192 (12%)
            991/8192 (12%) including unused fragments

            1.4 Average locations per line
            90.1 Average locations per statement

RAM used:   16/368 (4%) at main() level
            32/368 (9%) worst case

Stack used: 1 worst case (1 in main + 0 for interrupts)
Stack size: 8

Lines Stmts  %   Files
----- ----- ---  -----
   26    11 100  Luz.c
   13     0   0  Luz.h
  671     0   0  ..\..\..\..\..\..\Program Files (x86)\PICC\Devices\16F877A.h
----- -----
  710    11 Total

Page ROM  %  RAM   Vol Diff  Functions:
---- --- --- ---   --- ----  ----------
0    188  19    4   328  4.1  main
0     29   3    2             @ITOF
0    204  21   14             @DIVFF
0    119  12   13             @MULFF
0    323  33   16             @ADDFF
0     33   3    4             @SFTOI
0     91   9    9             @PRINTF_LU_9600_62_63
 Inline         0             @cinit1

Program metrics:
    Functions               1
    Statements              11
    Comments                122
    Volume (V)              342
    Difficulty (D)          3.3
    Effort to implement (E) 1125
    Time to implement (T)   1 minutes
    Est Delivered Bugs (B)  0
    Cyclomatic Complexity   1
    Maintainability (MI)    52

 Segment     Used  Free
-----------  ----  ----
00000-00003     4  0  
00004-007FF   987  1057  
00800-00FFF     0  2048  
01000-017FF     0  2048  
01800-01FFF     0  2048  



