
ROM used:   28/8192 (0%)
            28/8192 (0%) including unused fragments

            0.0 Average locations per line
            14.0 Average locations per statement

RAM used:   5/368 (1%) at main() level
            5/368 (1%) worst case

Stack used: 0 worst case (0 in main + 0 for interrupts)
Stack size: 8

Lines Stmts  %   Files
----- ----- ---  -----
   28     2 100  LDR.c
  671     0   0  ..\..\..\..\..\..\Program Files (x86)\PICC\Devices\16F877A.h
----- -----
  699     2 Total

Page ROM  %  RAM   Vol Diff  Functions:
---- --- --- ---   --- ----  ----------
0     24  86    0    32  1.0  main
 Inline         0             @cinit1

Program metrics:
    Functions               1
    Statements              2
    Comments                124
    Volume (V)              33
    Difficulty (D)          0.9
    Effort to implement (E) 28
    Time to implement (T)   0 minutes
    Est Delivered Bugs (B)  0
    Cyclomatic Complexity   1
    Maintainability (MI)    91

 Segment     Used  Free
-----------  ----  ----
00000-00003     4  0  
00004-007FF    24  2020  
00800-00FFF     0  2048  
01000-017FF     0  2048  
01800-01FFF     0  2048  



